Arguments: 
  /usr/local/bin/node /Users/thiagobrito/.yarn/bin/yarn.js add mangoose

PATH: 
  /Users/thiagobrito/.yarn/bin:/Users/thiagobrito/.config/yarn/global/node_modules/.bin:/Users/thiagobrito/.npm-packages/bin:/usr/bin:/bin:/usr/sbin:/sbin:/usr/local/bin

Yarn version: 
  1.17.3

Node version: 
  10.15.3

Platform: 
  darwin x64

Trace: 
  Error: https://registry.yarnpkg.com/mangoose: Not found
      at Request.params.callback [as _callback] (/Users/thiagobrito/.yarn/lib/cli.js:66830:18)
      at Request.self.callback (/Users/thiagobrito/.yarn/lib/cli.js:140464:22)
      at Request.emit (events.js:189:13)
      at Request.<anonymous> (/Users/thiagobrito/.yarn/lib/cli.js:141436:10)
      at Request.emit (events.js:189:13)
      at IncomingMessage.<anonymous> (/Users/thiagobrito/.yarn/lib/cli.js:141358:12)
      at Object.onceWrapper (events.js:277:13)
      at IncomingMessage.emit (events.js:194:15)
      at endReadableNT (_stream_readable.js:1125:12)
      at process._tickCallback (internal/process/next_tick.js:63:19)

npm manifest: 
  {
    "name": "backend",
    "version": "1.0.0",
    "description": "First App",
    "main": "index.js",
    "scripts": {
      "test": "echo \"Error: no test specified\" && exit 1"
    },
    "keywords": [],
    "author": "",
    "license": "ISC",
    "dependencies": {
      "express": "^4.17.1"
    }
  }

yarn manifest: 
  No manifest

Lockfile: 
  No lockfile
